Analysis & Synthesis report for key_fsm
Sun Sep 04 12:09:22 2011
Quartus II Version 9.0 Build 132 02/25/2009 SJ Full Version


---------------------
; Table of Contents ;
---------------------
  1. Legal Notice
  2. Analysis & Synthesis Summary
  3. Analysis & Synthesis Settings
  4. Analysis & Synthesis Source Files Read
  5. Analysis & Synthesis Resource Usage Summary
  6. Analysis & Synthesis Resource Utilization by Entity
  7. State Machine - |key_fsm|state
  8. Registers Removed During Synthesis
  9. General Register Statistics
 10. Multiplexer Restructuring Statistics (Restructuring Performed)
 11. Parameter Settings for User Entity Instance: Top-level Entity: |key_fsm
 12. Parameter Settings for Inferred Entity Instance: lpm_mult:Mult1
 13. Parameter Settings for Inferred Entity Instance: lpm_mult:Mult0
 14. lpm_mult Parameter Settings by Entity Instance
 15. Analysis & Synthesis Messages



----------------
; Legal Notice ;
----------------
Copyright (C) 1991-2009 Altera Corporation
Your use of Altera Corporation's design tools, logic functions 
and other software and tools, and its AMPP partner logic 
functions, and any output files from any of the foregoing 
(including device programming or simulation files), and any 
associated documentation or information are expressly subject 
to the terms and conditions of the Altera Program License 
Subscription Agreement, Altera MegaCore Function License 
Agreement, or other applicable license agreement, including, 
without limitation, that your use is for the sole purpose of 
programming logic devices manufactured by Altera and sold by 
Altera or its authorized distributors.  Please refer to the 
applicable agreement for further details.



+-------------------------------------------------------------------------------+
; Analysis & Synthesis Summary                                                  ;
+------------------------------------+------------------------------------------+
; Analysis & Synthesis Status        ; Successful - Sun Sep 04 12:09:22 2011    ;
; Quartus II Version                 ; 9.0 Build 132 02/25/2009 SJ Full Version ;
; Revision Name                      ; key_fsm                                  ;
; Top-level Entity Name              ; key_fsm                                  ;
; Family                             ; Cyclone II                               ;
; Total logic elements               ; 137                                      ;
;     Total combinational functions  ; 135                                      ;
;     Dedicated logic registers      ; 62                                       ;
; Total registers                    ; 62                                       ;
; Total pins                         ; 109                                      ;
; Total virtual pins                 ; 0                                        ;
; Total memory bits                  ; 0                                        ;
; Embedded Multiplier 9-bit elements ; 0                                        ;
; Total PLLs                         ; 0                                        ;
+------------------------------------+------------------------------------------+


+----------------------------------------------------------------------------------------------------------+
; Analysis & Synthesis Settings                                                                            ;
+----------------------------------------------------------------+--------------------+--------------------+
; Option                                                         ; Setting            ; Default Value      ;
+----------------------------------------------------------------+--------------------+--------------------+
; Device                                                         ; EP2C5Q208C8        ;                    ;
; Top-level entity name                                          ; key_fsm            ; key_fsm            ;
; Family name                                                    ; Cyclone II         ; Stratix II         ;
; Use Generated Physical Constraints File                        ; Off                ;                    ;
; Use smart compilation                                          ; Off                ; Off                ;
; Restructure Multiplexers                                       ; Auto               ; Auto               ;
; Create Debugging Nodes for IP Cores                            ; Off                ; Off                ;
; Preserve fewer node names                                      ; On                 ; On                 ;
; Disable OpenCore Plus hardware evaluation                      ; Off                ; Off                ;
; Verilog Version                                                ; Verilog_2001       ; Verilog_2001       ;
; VHDL Version                                                   ; VHDL93             ; VHDL93             ;
; State Machine Processing                                       ; Auto               ; Auto               ;
; Safe State Machine                                             ; Off                ; Off                ;
; Extract Verilog State Machines                                 ; On                 ; On                 ;
; Extract VHDL State Machines                                    ; On                 ; On                 ;
; Ignore Verilog initial constructs                              ; Off                ; Off                ;
; Iteration limit for constant Verilog loops                     ; 5000               ; 5000               ;
; Iteration limit for non-constant Verilog loops                 ; 250                ; 250                ;
; Add Pass-Through Logic to Inferred RAMs                        ; On                 ; On                 ;
; Parallel Synthesis                                             ; Off                ; Off                ;
; DSP Block Balancing                                            ; Auto               ; Auto               ;
; NOT Gate Push-Back                                             ; On                 ; On                 ;
; Power-Up Don't Care                                            ; On                 ; On                 ;
; Remove Redundant Logic Cells                                   ; Off                ; Off                ;
; Remove Duplicate Registers                                     ; On                 ; On                 ;
; Ignore CARRY Buffers                                           ; Off                ; Off                ;
; Ignore CASCADE Buffers                                         ; Off                ; Off                ;
; Ignore GLOBAL Buffers                                          ; Off                ; Off                ;
; Ignore ROW GLOBAL Buffers                                      ; Off                ; Off                ;
; Ignore LCELL Buffers                                           ; Off                ; Off                ;
; Ignore SOFT Buffers                                            ; On                 ; On                 ;
; Limit AHDL Integers to 32 Bits                                 ; Off                ; Off                ;
; Optimization Technique                                         ; Balanced           ; Balanced           ;
; Carry Chain Length                                             ; 70                 ; 70                 ;
; Auto Carry Chains                                              ; On                 ; On                 ;
; Auto Open-Drain Pins                                           ; On                 ; On                 ;
; Perform WYSIWYG Primitive Resynthesis                          ; Off                ; Off                ;
; Auto ROM Replacement                                           ; On                 ; On                 ;
; Auto RAM Replacement                                           ; On                 ; On                 ;
; Auto Shift Register Replacement                                ; Auto               ; Auto               ;
; Auto Clock Enable Replacement                                  ; On                 ; On                 ;
; Strict RAM Replacement                                         ; Off                ; Off                ;
; Allow Synchronous Control Signals                              ; On                 ; On                 ;
; Force Use of Synchronous Clear Signals                         ; Off                ; Off                ;
; Auto RAM to Logic Cell Conversion                              ; Off                ; Off                ;
; Auto Resource Sharing                                          ; Off                ; Off                ;
; Allow Any RAM Size For Recognition                             ; Off                ; Off                ;
; Allow Any ROM Size For Recognition                             ; Off                ; Off                ;
; Allow Any Shift Register Size For Recognition                  ; Off                ; Off                ;
; Use LogicLock Constraints during Resource Balancing            ; On                 ; On                 ;
; Ignore translate_off and synthesis_off directives              ; Off                ; Off                ;
; Timing-Driven Synthesis                                        ; Off                ; Off                ;
; Show Parameter Settings Tables in Synthesis Report             ; On                 ; On                 ;
; Ignore Maximum Fan-Out Assignments                             ; Off                ; Off                ;
; Synchronization Register Chain Length                          ; 2                  ; 2                  ;
; PowerPlay Power Optimization                                   ; Normal compilation ; Normal compilation ;
; HDL message level                                              ; Level2             ; Level2             ;
; Suppress Register Optimization Related Messages                ; Off                ; Off                ;
; Number of Removed Registers Reported in Synthesis Report       ; 100                ; 100                ;
; Number of Inverted Registers Reported in Synthesis Report      ; 100                ; 100                ;
; Clock MUX Protection                                           ; On                 ; On                 ;
; Auto Gated Clock Conversion                                    ; Off                ; Off                ;
; Block Design Naming                                            ; Auto               ; Auto               ;
; SDC constraint protection                                      ; Off                ; Off                ;
; Synthesis Effort                                               ; Auto               ; Auto               ;
; Allows Asynchronous Clear Usage For Shift Register Replacement ; On                 ; On                 ;
; Analysis & Synthesis Message Level                             ; Medium             ; Medium             ;
+----------------------------------------------------------------+--------------------+--------------------+


+----------------------------------------------------------------------------------------------------------------------------------------------------------+
; Analysis & Synthesis Source Files Read                                                                                                                   ;
+----------------------------------+-----------------+------------------------+----------------------------------------------------------------------------+
; File Name with User-Entered Path ; Used in Netlist ; File Type              ; File Name with Absolute Path                                               ;
+----------------------------------+-----------------+------------------------+----------------------------------------------------------------------------+
; key_fsm.v                        ; yes             ; User Verilog HDL File  ; E:/Studies/Sophomore/EDA/Summer/Task 2/key_fsm/key_fsm.v                   ;
; lpm_mult.tdf                     ; yes             ; Megafunction           ; d:/program files/altera/quartus/libraries/megafunctions/lpm_mult.tdf       ;
; aglobal90.inc                    ; yes             ; Megafunction           ; d:/program files/altera/quartus/libraries/megafunctions/aglobal90.inc      ;
; lpm_add_sub.inc                  ; yes             ; Megafunction           ; d:/program files/altera/quartus/libraries/megafunctions/lpm_add_sub.inc    ;
; multcore.inc                     ; yes             ; Megafunction           ; d:/program files/altera/quartus/libraries/megafunctions/multcore.inc       ;
; bypassff.inc                     ; yes             ; Megafunction           ; d:/program files/altera/quartus/libraries/megafunctions/bypassff.inc       ;
; altshift.inc                     ; yes             ; Megafunction           ; d:/program files/altera/quartus/libraries/megafunctions/altshift.inc       ;
; multcore.tdf                     ; yes             ; Megafunction           ; d:/program files/altera/quartus/libraries/megafunctions/multcore.tdf       ;
; csa_add.inc                      ; yes             ; Megafunction           ; d:/program files/altera/quartus/libraries/megafunctions/csa_add.inc        ;
; mpar_add.inc                     ; yes             ; Megafunction           ; d:/program files/altera/quartus/libraries/megafunctions/mpar_add.inc       ;
; muleabz.inc                      ; yes             ; Megafunction           ; d:/program files/altera/quartus/libraries/megafunctions/muleabz.inc        ;
; mul_lfrg.inc                     ; yes             ; Megafunction           ; d:/program files/altera/quartus/libraries/megafunctions/mul_lfrg.inc       ;
; mul_boothc.inc                   ; yes             ; Megafunction           ; d:/program files/altera/quartus/libraries/megafunctions/mul_boothc.inc     ;
; alt_ded_mult.inc                 ; yes             ; Megafunction           ; d:/program files/altera/quartus/libraries/megafunctions/alt_ded_mult.inc   ;
; alt_ded_mult_y.inc               ; yes             ; Megafunction           ; d:/program files/altera/quartus/libraries/megafunctions/alt_ded_mult_y.inc ;
; dffpipe.inc                      ; yes             ; Megafunction           ; d:/program files/altera/quartus/libraries/megafunctions/dffpipe.inc        ;
; mpar_add.tdf                     ; yes             ; Megafunction           ; d:/program files/altera/quartus/libraries/megafunctions/mpar_add.tdf       ;
; altshift.tdf                     ; yes             ; Megafunction           ; d:/program files/altera/quartus/libraries/megafunctions/altshift.tdf       ;
+----------------------------------+-----------------+------------------------+----------------------------------------------------------------------------+


+-----------------------------------------------------+
; Analysis & Synthesis Resource Usage Summary         ;
+---------------------------------------------+-------+
; Resource                                    ; Usage ;
+---------------------------------------------+-------+
; Estimated Total logic elements              ; 137   ;
;                                             ;       ;
; Total combinational functions               ; 135   ;
; Logic element usage by number of LUT inputs ;       ;
;     -- 4 input functions                    ; 47    ;
;     -- 3 input functions                    ; 47    ;
;     -- <=2 input functions                  ; 41    ;
;                                             ;       ;
; Logic elements by mode                      ;       ;
;     -- normal mode                          ; 97    ;
;     -- arithmetic mode                      ; 38    ;
;                                             ;       ;
; Total registers                             ; 62    ;
;     -- Dedicated logic registers            ; 62    ;
;     -- I/O registers                        ; 0     ;
;                                             ;       ;
; I/O pins                                    ; 109   ;
; Maximum fan-out node                        ; clk   ;
; Maximum fan-out                             ; 62    ;
; Total fan-out                               ; 678   ;
; Average fan-out                             ; 2.22  ;
+---------------------------------------------+-------+


+----------------------------------------------------------------------------------------------------------------------------------------------------------------------------------------------------+
; Analysis & Synthesis Resource Utilization by Entity                                                                                                                                                ;
+----------------------------+-------------------+--------------+-------------+--------------+---------+-----------+------+--------------+--------------------------------------------+--------------+
; Compilation Hierarchy Node ; LC Combinationals ; LC Registers ; Memory Bits ; DSP Elements ; DSP 9x9 ; DSP 18x18 ; Pins ; Virtual Pins ; Full Hierarchy Name                        ; Library Name ;
+----------------------------+-------------------+--------------+-------------+--------------+---------+-----------+------+--------------+--------------------------------------------+--------------+
; |key_fsm                   ; 135 (123)         ; 62 (62)      ; 0           ; 0            ; 0       ; 0         ; 109  ; 0            ; |key_fsm                                   ; work         ;
;    |lpm_mult:Mult0|        ; 6 (0)             ; 0 (0)        ; 0           ; 0            ; 0       ; 0         ; 0    ; 0            ; |key_fsm|lpm_mult:Mult0                    ; work         ;
;       |multcore:mult_core| ; 6 (6)             ; 0 (0)        ; 0           ; 0            ; 0       ; 0         ; 0    ; 0            ; |key_fsm|lpm_mult:Mult0|multcore:mult_core ; work         ;
;    |lpm_mult:Mult1|        ; 6 (0)             ; 0 (0)        ; 0           ; 0            ; 0       ; 0         ; 0    ; 0            ; |key_fsm|lpm_mult:Mult1                    ; work         ;
;       |multcore:mult_core| ; 6 (6)             ; 0 (0)        ; 0           ; 0            ; 0       ; 0         ; 0    ; 0            ; |key_fsm|lpm_mult:Mult1|multcore:mult_core ; work         ;
+----------------------------+-------------------+--------------+-------------+--------------+---------+-----------+------+--------------+--------------------------------------------+--------------+
Note: For table entries with two numbers listed, the numbers in parentheses indicate the number of resources of the given type used by the specific entity alone. The numbers listed outside of parentheses indicate the total resources of the given type used by the specific entity and all of its sub-entities in the hierarchy.


Encoding Type:  One-Hot
+------------------------------------------------------------------------------+
; State Machine - |key_fsm|state                                               ;
+-----------------+-----------------+------------+----------------+------------+
; Name            ; state.secondnum ; state.oper ; state.firstnum ; state.idle ;
+-----------------+-----------------+------------+----------------+------------+
; state.idle      ; 0               ; 0          ; 0              ; 0          ;
; state.firstnum  ; 0               ; 0          ; 1              ; 1          ;
; state.oper      ; 0               ; 1          ; 0              ; 1          ;
; state.secondnum ; 1               ; 0          ; 0              ; 1          ;
+-----------------+-----------------+------------+----------------+------------+


+---------------------------------------------------------------------------------+
; Registers Removed During Synthesis                                              ;
+----------------------------------------+----------------------------------------+
; Register name                          ; Reason for Removal                     ;
+----------------------------------------+----------------------------------------+
; DSTH[5]~reg0                           ; Merged with DSTH[4]~reg0               ;
; DSTH[7]~reg0                           ; Merged with DSTH[4]~reg0               ;
; SRCH[4]~reg0                           ; Merged with DSTH[4]~reg0               ;
; SRCH[7]~reg0                           ; Merged with DSTH[4]~reg0               ;
; SRCH[5]~reg0                           ; Merged with DSTH[4]~reg0               ;
; DSTH[6]~reg0                           ; Merged with DSTH[4]~reg0               ;
; SRCH[6]~reg0                           ; Merged with DSTH[4]~reg0               ;
; ALU_OP[6]~reg0                         ; Merged with ALU_OP[5]~reg0             ;
; ALU_OP[7]~reg0                         ; Merged with ALU_OP[5]~reg0             ;
; ALU_OP[5]~reg0                         ; Stuck at GND due to stuck port data_in ;
; DSTH[4]~reg0                           ; Stuck at GND due to stuck port data_in ;
; state~39                               ; Lost fanout                            ;
; state~40                               ; Lost fanout                            ;
; state~41                               ; Lost fanout                            ;
; Total Number of Removed Registers = 14 ;                                        ;
+----------------------------------------+----------------------------------------+


+------------------------------------------------------+
; General Register Statistics                          ;
+----------------------------------------------+-------+
; Statistic                                    ; Value ;
+----------------------------------------------+-------+
; Total registers                              ; 62    ;
; Number of registers using Synchronous Clear  ; 8     ;
; Number of registers using Synchronous Load   ; 4     ;
; Number of registers using Asynchronous Clear ; 0     ;
; Number of registers using Asynchronous Load  ; 0     ;
; Number of registers using Clock Enable       ; 56    ;
; Number of registers using Preset             ; 0     ;
+----------------------------------------------+-------+


+------------------------------------------------------------------------------------------------------------------------------------------+
; Multiplexer Restructuring Statistics (Restructuring Performed)                                                                           ;
+--------------------+-----------+---------------+----------------------+------------------------+------------+----------------------------+
; Multiplexer Inputs ; Bus Width ; Baseline Area ; Area if Restructured ; Saving if Restructured ; Registered ; Example Multiplexer Output ;
+--------------------+-----------+---------------+----------------------+------------------------+------------+----------------------------+
; 3:1                ; 24 bits   ; 48 LEs        ; 0 LEs                ; 48 LEs                 ; Yes        ; |key_fsm|DSTL[5]~reg0      ;
; 5:1                ; 4 bits    ; 12 LEs        ; 4 LEs                ; 8 LEs                  ; Yes        ; |key_fsm|num_A0[0]~reg0    ;
; 7:1                ; 8 bits    ; 32 LEs        ; 8 LEs                ; 24 LEs                 ; Yes        ; |key_fsm|num_B1[2]~reg0    ;
; 7:1                ; 8 bits    ; 32 LEs        ; 8 LEs                ; 24 LEs                 ; Yes        ; |key_fsm|num_A2[3]~reg0    ;
; 7:1                ; 4 bits    ; 16 LEs        ; 4 LEs                ; 12 LEs                 ; Yes        ; |key_fsm|num_B0[3]~reg0    ;
; 12:1               ; 6 bits    ; 48 LEs        ; 24 LEs               ; 24 LEs                 ; Yes        ; |key_fsm|ALU_OP[5]~reg0    ;
; 14:1               ; 2 bits    ; 18 LEs        ; 2 LEs                ; 16 LEs                 ; Yes        ; |key_fsm|cnt[1]            ;
+--------------------+-----------+---------------+----------------------+------------------------+------------+----------------------------+


+-------------------------------------------------------------------------+
; Parameter Settings for User Entity Instance: Top-level Entity: |key_fsm ;
+----------------+-------+------------------------------------------------+
; Parameter Name ; Value ; Type                                           ;
+----------------+-------+------------------------------------------------+
; idle           ; 00    ; Unsigned Binary                                ;
; firstnum       ; 01    ; Unsigned Binary                                ;
; oper           ; 10    ; Unsigned Binary                                ;
; secondnum      ; 11    ; Unsigned Binary                                ;
+----------------+-------+------------------------------------------------+
Note: In order to hide this table in the UI and the text report file, please set the "Show Parameter Settings Tables in Synthesis Report" option in "Analysis and Synthesis Settings -> More Settings" to "Off".


+-----------------------------------------------------------------------------------+
; Parameter Settings for Inferred Entity Instance: lpm_mult:Mult1                   ;
+------------------------------------------------+------------+---------------------+
; Parameter Name                                 ; Value      ; Type                ;
+------------------------------------------------+------------+---------------------+
; AUTO_CARRY_CHAINS                              ; ON         ; AUTO_CARRY          ;
; IGNORE_CARRY_BUFFERS                           ; OFF        ; IGNORE_CARRY        ;
; AUTO_CASCADE_CHAINS                            ; ON         ; AUTO_CASCADE        ;
; IGNORE_CASCADE_BUFFERS                         ; OFF        ; IGNORE_CASCADE      ;
; LPM_WIDTHA                                     ; 4          ; Untyped             ;
; LPM_WIDTHB                                     ; 7          ; Untyped             ;
; LPM_WIDTHP                                     ; 11         ; Untyped             ;
; LPM_WIDTHR                                     ; 11         ; Untyped             ;
; LPM_WIDTHS                                     ; 1          ; Untyped             ;
; LPM_REPRESENTATION                             ; UNSIGNED   ; Untyped             ;
; LPM_PIPELINE                                   ; 0          ; Untyped             ;
; LATENCY                                        ; 0          ; Untyped             ;
; INPUT_A_IS_CONSTANT                            ; NO         ; Untyped             ;
; INPUT_B_IS_CONSTANT                            ; YES        ; Untyped             ;
; USE_EAB                                        ; OFF        ; Untyped             ;
; MAXIMIZE_SPEED                                 ; 5          ; Untyped             ;
; DEVICE_FAMILY                                  ; Cyclone II ; Untyped             ;
; CARRY_CHAIN                                    ; MANUAL     ; Untyped             ;
; APEX20K_TECHNOLOGY_MAPPER                      ; LUT        ; TECH_MAPPER_APEX20K ;
; DEDICATED_MULTIPLIER_CIRCUITRY                 ; AUTO       ; Untyped             ;
; DEDICATED_MULTIPLIER_MIN_INPUT_WIDTH_FOR_AUTO  ; 0          ; Untyped             ;
; DEDICATED_MULTIPLIER_MIN_OUTPUT_WIDTH_FOR_AUTO ; 0          ; Untyped             ;
; CBXI_PARAMETER                                 ; NOTHING    ; Untyped             ;
; INPUT_A_FIXED_VALUE                            ; Bx         ; Untyped             ;
; INPUT_B_FIXED_VALUE                            ; Bx         ; Untyped             ;
; USE_AHDL_IMPLEMENTATION                        ; OFF        ; Untyped             ;
+------------------------------------------------+------------+---------------------+
Note: In order to hide this table in the UI and the text report file, please set the "Show Parameter Settings Tables in Synthesis Report" option in "Analysis and Synthesis Settings -> More Settings" to "Off".


+-----------------------------------------------------------------------------------+
; Parameter Settings for Inferred Entity Instance: lpm_mult:Mult0                   ;
+------------------------------------------------+------------+---------------------+
; Parameter Name                                 ; Value      ; Type                ;
+------------------------------------------------+------------+---------------------+
; AUTO_CARRY_CHAINS                              ; ON         ; AUTO_CARRY          ;
; IGNORE_CARRY_BUFFERS                           ; OFF        ; IGNORE_CARRY        ;
; AUTO_CASCADE_CHAINS                            ; ON         ; AUTO_CASCADE        ;
; IGNORE_CASCADE_BUFFERS                         ; OFF        ; IGNORE_CASCADE      ;
; LPM_WIDTHA                                     ; 4          ; Untyped             ;
; LPM_WIDTHB                                     ; 7          ; Untyped             ;
; LPM_WIDTHP                                     ; 11         ; Untyped             ;
; LPM_WIDTHR                                     ; 11         ; Untyped             ;
; LPM_WIDTHS                                     ; 1          ; Untyped             ;
; LPM_REPRESENTATION                             ; UNSIGNED   ; Untyped             ;
; LPM_PIPELINE                                   ; 0          ; Untyped             ;
; LATENCY                                        ; 0          ; Untyped             ;
; INPUT_A_IS_CONSTANT                            ; NO         ; Untyped             ;
; INPUT_B_IS_CONSTANT                            ; YES        ; Untyped             ;
; USE_EAB                                        ; OFF        ; Untyped             ;
; MAXIMIZE_SPEED                                 ; 5          ; Untyped             ;
; DEVICE_FAMILY                                  ; Cyclone II ; Untyped             ;
; CARRY_CHAIN                                    ; MANUAL     ; Untyped             ;
; APEX20K_TECHNOLOGY_MAPPER                      ; LUT        ; TECH_MAPPER_APEX20K ;
; DEDICATED_MULTIPLIER_CIRCUITRY                 ; AUTO       ; Untyped             ;
; DEDICATED_MULTIPLIER_MIN_INPUT_WIDTH_FOR_AUTO  ; 0          ; Untyped             ;
; DEDICATED_MULTIPLIER_MIN_OUTPUT_WIDTH_FOR_AUTO ; 0          ; Untyped             ;
; CBXI_PARAMETER                                 ; NOTHING    ; Untyped             ;
; INPUT_A_FIXED_VALUE                            ; Bx         ; Untyped             ;
; INPUT_B_FIXED_VALUE                            ; Bx         ; Untyped             ;
; USE_AHDL_IMPLEMENTATION                        ; OFF        ; Untyped             ;
+------------------------------------------------+------------+---------------------+
Note: In order to hide this table in the UI and the text report file, please set the "Show Parameter Settings Tables in Synthesis Report" option in "Analysis and Synthesis Settings -> More Settings" to "Off".


+--------------------------------------------------------+
; lpm_mult Parameter Settings by Entity Instance         ;
+---------------------------------------+----------------+
; Name                                  ; Value          ;
+---------------------------------------+----------------+
; Number of entity instances            ; 2              ;
; Entity Instance                       ; lpm_mult:Mult1 ;
;     -- LPM_WIDTHA                     ; 4              ;
;     -- LPM_WIDTHB                     ; 7              ;
;     -- LPM_WIDTHP                     ; 11             ;
;     -- LPM_REPRESENTATION             ; UNSIGNED       ;
;     -- INPUT_A_IS_CONSTANT            ; NO             ;
;     -- INPUT_B_IS_CONSTANT            ; YES            ;
;     -- USE_EAB                        ; OFF            ;
;     -- DEDICATED_MULTIPLIER_CIRCUITRY ; AUTO           ;
;     -- INPUT_A_FIXED_VALUE            ; Bx             ;
;     -- INPUT_B_FIXED_VALUE            ; Bx             ;
; Entity Instance                       ; lpm_mult:Mult0 ;
;     -- LPM_WIDTHA                     ; 4              ;
;     -- LPM_WIDTHB                     ; 7              ;
;     -- LPM_WIDTHP                     ; 11             ;
;     -- LPM_REPRESENTATION             ; UNSIGNED       ;
;     -- INPUT_A_IS_CONSTANT            ; NO             ;
;     -- INPUT_B_IS_CONSTANT            ; YES            ;
;     -- USE_EAB                        ; OFF            ;
;     -- DEDICATED_MULTIPLIER_CIRCUITRY ; AUTO           ;
;     -- INPUT_A_FIXED_VALUE            ; Bx             ;
;     -- INPUT_B_FIXED_VALUE            ; Bx             ;
+---------------------------------------+----------------+


+-------------------------------+
; Analysis & Synthesis Messages ;
+-------------------------------+
Info: *******************************************************************
Info: Running Quartus II Analysis & Synthesis
    Info: Version 9.0 Build 132 02/25/2009 SJ Full Version
    Info: Processing started: Sun Sep 04 12:09:18 2011
Info: Command: quartus_map --read_settings_files=on --write_settings_files=off key_fsm -c key_fsm
Info: Found 1 design units, including 1 entities, in source file key_fsm.v
    Info: Found entity 1: key_fsm
Info: Elaborating entity "key_fsm" for the top level hierarchy
Warning (10230): Verilog HDL assignment warning at key_fsm.v(40): truncated value with size 32 to match size of target (16)
Warning (10230): Verilog HDL assignment warning at key_fsm.v(41): truncated value with size 32 to match size of target (16)
Warning (10230): Verilog HDL assignment warning at key_fsm.v(69): truncated value with size 32 to match size of target (2)
Warning (10230): Verilog HDL assignment warning at key_fsm.v(93): truncated value with size 32 to match size of target (2)
Warning (10230): Verilog HDL assignment warning at key_fsm.v(177): truncated value with size 32 to match size of target (2)
Warning (10230): Verilog HDL assignment warning at key_fsm.v(199): truncated value with size 32 to match size of target (2)
Info: Inferred 2 megafunctions from design logic
    Info: Inferred multiplier megafunction ("lpm_mult") from the following logic: "Mult1"
    Info: Inferred multiplier megafunction ("lpm_mult") from the following logic: "Mult0"
Info: Elaborated megafunction instantiation "lpm_mult:Mult1"
Info: Instantiated megafunction "lpm_mult:Mult1" with the following parameter:
    Info: Parameter "LPM_WIDTHA" = "4"
    Info: Parameter "LPM_WIDTHB" = "7"
    Info: Parameter "LPM_WIDTHP" = "11"
    Info: Parameter "LPM_WIDTHR" = "11"
    Info: Parameter "LPM_WIDTHS" = "1"
    Info: Parameter "LPM_REPRESENTATION" = "UNSIGNED"
    Info: Parameter "INPUT_A_IS_CONSTANT" = "NO"
    Info: Parameter "INPUT_B_IS_CONSTANT" = "YES"
    Info: Parameter "MAXIMIZE_SPEED" = "5"
    Info: Parameter "DEDICATED_MULTIPLIER_CIRCUITRY" = "AUTO"
Info: Elaborated megafunction instantiation "lpm_mult:Mult1|multcore:mult_core", which is child of megafunction instantiation "lpm_mult:Mult1"
Info: Elaborated megafunction instantiation "lpm_mult:Mult1|multcore:mult_core|mpar_add:padder", which is child of megafunction instantiation "lpm_mult:Mult1"
Info: Elaborated megafunction instantiation "lpm_mult:Mult1|altshift:external_latency_ffs", which is child of megafunction instantiation "lpm_mult:Mult1"
Warning: Output pins are stuck at VCC or GND
    Warning (13410): Pin "SRCH[4]" is stuck at GND
    Warning (13410): Pin "SRCH[5]" is stuck at GND
    Warning (13410): Pin "SRCH[6]" is stuck at GND
    Warning (13410): Pin "SRCH[7]" is stuck at GND
    Warning (13410): Pin "DSTH[4]" is stuck at GND
    Warning (13410): Pin "DSTH[5]" is stuck at GND
    Warning (13410): Pin "DSTH[6]" is stuck at GND
    Warning (13410): Pin "DSTH[7]" is stuck at GND
    Warning (13410): Pin "ALU_OP[5]" is stuck at GND
    Warning (13410): Pin "ALU_OP[6]" is stuck at GND
    Warning (13410): Pin "ALU_OP[7]" is stuck at GND
    Warning (13410): Pin "DST[12]" is stuck at GND
    Warning (13410): Pin "DST[13]" is stuck at GND
    Warning (13410): Pin "DST[14]" is stuck at GND
    Warning (13410): Pin "DST[15]" is stuck at GND
    Warning (13410): Pin "SRC[12]" is stuck at GND
    Warning (13410): Pin "SRC[13]" is stuck at GND
    Warning (13410): Pin "SRC[14]" is stuck at GND
    Warning (13410): Pin "SRC[15]" is stuck at GND
Info: 3 registers lost all their fanouts during netlist optimizations. The first 3 are displayed below.
    Info: Register "state~39" lost all its fanouts during netlist optimizations.
    Info: Register "state~40" lost all its fanouts during netlist optimizations.
    Info: Register "state~41" lost all its fanouts during netlist optimizations.
Info: Implemented 269 device resources after synthesis - the final resource count might be different
    Info: Implemented 11 input pins
    Info: Implemented 98 output pins
    Info: Implemented 160 logic cells
Info: Quartus II Analysis & Synthesis was successful. 0 errors, 26 warnings
    Info: Peak virtual memory: 203 megabytes
    Info: Processing ended: Sun Sep 04 12:09:22 2011
    Info: Elapsed time: 00:00:04
    Info: Total CPU time (on all processors): 00:00:03


