Flow report for systemB1
Thu Oct 20 09:56:04 2011
Quartus II Version 9.0 Build 132 02/25/2009 SJ Full Version


---------------------
; Table of Contents ;
---------------------
  1. Legal Notice
  2. Flow Summary
  3. Flow Settings
  4. Flow Non-Default Global Settings
  5. Flow Elapsed Time
  6. Flow OS Summary
  7. Flow Log



----------------
; Legal Notice ;
----------------
Copyright (C) 1991-2009 Altera Corporation
Your use of Altera Corporation's design tools, logic functions 
and other software and tools, and its AMPP partner logic 
functions, and any output files from any of the foregoing 
(including device programming or simulation files), and any 
associated documentation or information are expressly subject 
to the terms and conditions of the Altera Program License 
Subscription Agreement, Altera MegaCore Function License 
Agreement, or other applicable license agreement, including, 
without limitation, that your use is for the sole purpose of 
programming logic devices manufactured by Altera and sold by 
Altera or its authorized distributors.  Please refer to the 
applicable agreement for further details.



+-------------------------------------------------------------------------------+
; Flow Summary                                                                  ;
+------------------------------------+------------------------------------------+
; Flow Status                        ; Successful - Thu Oct 20 09:56:00 2011    ;
; Quartus II Version                 ; 9.0 Build 132 02/25/2009 SJ Full Version ;
; Revision Name                      ; systemB1                                 ;
; Top-level Entity Name              ; systemB1                                 ;
; Family                             ; Cyclone II                               ;
; Device                             ; EP2C5Q208C8                              ;
; Timing Models                      ; Final                                    ;
; Met timing requirements            ; Yes                                      ;
; Total logic elements               ; 1,044 / 4,608 ( 23 % )                   ;
;     Total combinational functions  ; 1,039 / 4,608 ( 23 % )                   ;
;     Dedicated logic registers      ; 109 / 4,608 ( 2 % )                      ;
; Total registers                    ; 109                                      ;
; Total pins                         ; 15 / 142 ( 11 % )                        ;
; Total virtual pins                 ; 0                                        ;
; Total memory bits                  ; 4,096 / 119,808 ( 3 % )                  ;
; Embedded Multiplier 9-bit elements ; 0 / 26 ( 0 % )                           ;
; Total PLLs                         ; 0 / 2 ( 0 % )                            ;
+------------------------------------+------------------------------------------+


+-----------------------------------------+
; Flow Settings                           ;
+-------------------+---------------------+
; Option            ; Setting             ;
+-------------------+---------------------+
; Start date & time ; 10/20/2011 09:55:29 ;
; Main task         ; Compilation         ;
; Revision Name     ; systemB1            ;
+-------------------+---------------------+


+-------------------------------------------------------------------------------------------------------------------+
; Flow Non-Default Global Settings                                                                                  ;
+------------------------------------+-------------------------------+---------------+-------------+----------------+
; Assignment Name                    ; Value                         ; Default Value ; Entity Name ; Section Id     ;
+------------------------------------+-------------------------------+---------------+-------------+----------------+
; COMPILER_SIGNATURE_ID              ; 1095925123931.131907572904028 ; --            ; --          ; --             ;
; IP_TOOL_NAME                       ; LPM_MUX                       ; --            ; --          ; --             ;
; IP_TOOL_NAME                       ; LPM_MUX                       ; --            ; --          ; --             ;
; IP_TOOL_NAME                       ; LPM_FF                        ; --            ; --          ; --             ;
; IP_TOOL_NAME                       ; LPM_DECODE                    ; --            ; --          ; --             ;
; IP_TOOL_NAME                       ; LPM_MUX                       ; --            ; --          ; --             ;
; IP_TOOL_NAME                       ; LPM_MUX                       ; --            ; --          ; --             ;
; IP_TOOL_NAME                       ; LPM_MUX                       ; --            ; --          ; --             ;
; IP_TOOL_NAME                       ; LPM_MUX                       ; --            ; --          ; --             ;
; IP_TOOL_NAME                       ; LPM_MUX                       ; --            ; --          ; --             ;
; IP_TOOL_NAME                       ; LPM_ROM                       ; --            ; --          ; --             ;
; IP_TOOL_NAME                       ; LPM_FF                        ; --            ; --          ; --             ;
; IP_TOOL_NAME                       ; LPM_FF                        ; --            ; --          ; --             ;
; IP_TOOL_VERSION                    ; 9.0                           ; --            ; --          ; --             ;
; IP_TOOL_VERSION                    ; 9.0                           ; --            ; --          ; --             ;
; IP_TOOL_VERSION                    ; 9.0                           ; --            ; --          ; --             ;
; IP_TOOL_VERSION                    ; 9.0                           ; --            ; --          ; --             ;
; IP_TOOL_VERSION                    ; 9.0                           ; --            ; --          ; --             ;
; IP_TOOL_VERSION                    ; 9.0                           ; --            ; --          ; --             ;
; IP_TOOL_VERSION                    ; 9.0                           ; --            ; --          ; --             ;
; IP_TOOL_VERSION                    ; 9.0                           ; --            ; --          ; --             ;
; IP_TOOL_VERSION                    ; 9.0                           ; --            ; --          ; --             ;
; IP_TOOL_VERSION                    ; 9.0                           ; --            ; --          ; --             ;
; IP_TOOL_VERSION                    ; 9.0                           ; --            ; --          ; --             ;
; IP_TOOL_VERSION                    ; 9.0                           ; --            ; --          ; --             ;
; MAX_CORE_JUNCTION_TEMP             ; 85                            ; --            ; --          ; --             ;
; MIN_CORE_JUNCTION_TEMP             ; 0                             ; --            ; --          ; --             ;
; MISC_FILE                          ; lpm_mux0.tdf                  ; --            ; --          ; --             ;
; MISC_FILE                          ; lpm_mux0.bsf                  ; --            ; --          ; --             ;
; MISC_FILE                          ; lpm_mux0.inc                  ; --            ; --          ; --             ;
; MISC_FILE                          ; lpm_mux1.tdf                  ; --            ; --          ; --             ;
; MISC_FILE                          ; lpm_mux1.bsf                  ; --            ; --          ; --             ;
; MISC_FILE                          ; lpm_mux1.inc                  ; --            ; --          ; --             ;
; MISC_FILE                          ; lpm_ff0.tdf                   ; --            ; --          ; --             ;
; MISC_FILE                          ; lpm_ff0.bsf                   ; --            ; --          ; --             ;
; MISC_FILE                          ; lpm_ff0.inc                   ; --            ; --          ; --             ;
; MISC_FILE                          ; lpm_decode0.tdf               ; --            ; --          ; --             ;
; MISC_FILE                          ; lpm_decode0.bsf               ; --            ; --          ; --             ;
; MISC_FILE                          ; lpm_decode0.inc               ; --            ; --          ; --             ;
; MISC_FILE                          ; lpm_mux2.tdf                  ; --            ; --          ; --             ;
; MISC_FILE                          ; lpm_mux2.bsf                  ; --            ; --          ; --             ;
; MISC_FILE                          ; lpm_mux2.inc                  ; --            ; --          ; --             ;
; MISC_FILE                          ; lpm_mux3.tdf                  ; --            ; --          ; --             ;
; MISC_FILE                          ; lpm_mux3.bsf                  ; --            ; --          ; --             ;
; MISC_FILE                          ; lpm_mux3.inc                  ; --            ; --          ; --             ;
; MISC_FILE                          ; ../Decoder/lpm_mux0.tdf       ; --            ; --          ; --             ;
; MISC_FILE                          ; ../Decoder/lpm_mux0.bsf       ; --            ; --          ; --             ;
; MISC_FILE                          ; ../Decoder/lpm_mux0.inc       ; --            ; --          ; --             ;
; MISC_FILE                          ; lpm_mux4.tdf                  ; --            ; --          ; --             ;
; MISC_FILE                          ; lpm_mux4.bsf                  ; --            ; --          ; --             ;
; MISC_FILE                          ; lpm_mux4.inc                  ; --            ; --          ; --             ;
; MISC_FILE                          ; lpm_mux5.tdf                  ; --            ; --          ; --             ;
; MISC_FILE                          ; lpm_mux5.bsf                  ; --            ; --          ; --             ;
; MISC_FILE                          ; lpm_mux5.inc                  ; --            ; --          ; --             ;
; MISC_FILE                          ; lpm_rom0.tdf                  ; --            ; --          ; --             ;
; MISC_FILE                          ; lpm_rom0.bsf                  ; --            ; --          ; --             ;
; MISC_FILE                          ; lpm_rom0.inc                  ; --            ; --          ; --             ;
; MISC_FILE                          ; ../systemA/lpm_ff0.tdf        ; --            ; --          ; --             ;
; MISC_FILE                          ; ../systemA/lpm_ff0.bsf        ; --            ; --          ; --             ;
; MISC_FILE                          ; ../systemA/lpm_ff0.inc        ; --            ; --          ; --             ;
; MISC_FILE                          ; ../systemA/lpm_ff1.tdf        ; --            ; --          ; --             ;
; MISC_FILE                          ; ../systemA/lpm_ff1.bsf        ; --            ; --          ; --             ;
; MISC_FILE                          ; ../systemA/lpm_ff1.inc        ; --            ; --          ; --             ;
; PARTITION_COLOR                    ; 16764057                      ; --            ; --          ; Top            ;
; PARTITION_NETLIST_TYPE             ; SOURCE                        ; --            ; --          ; Top            ;
; USE_GENERATED_PHYSICAL_CONSTRAINTS ; Off                           ; --            ; --          ; eda_blast_fpga ;
+------------------------------------+-------------------------------+---------------+-------------+----------------+


+-----------------------------------------------------------------------------------------------------------------------------+
; Flow Elapsed Time                                                                                                           ;
+-------------------------+--------------+-------------------------+---------------------+------------------------------------+
; Module Name             ; Elapsed Time ; Average Processors Used ; Peak Virtual Memory ; Total CPU Time (on all processors) ;
+-------------------------+--------------+-------------------------+---------------------+------------------------------------+
; Analysis & Synthesis    ; 00:00:10     ; 1.0                     ; 248 MB              ; 00:00:10                           ;
; Fitter                  ; 00:00:05     ; 1.0                     ; 227 MB              ; 00:00:05                           ;
; Assembler               ; 00:00:04     ; 1.0                     ; 187 MB              ; 00:00:04                           ;
; Classic Timing Analyzer ; 00:00:02     ; 1.0                     ; 161 MB              ; 00:00:01                           ;
; Total                   ; 00:00:21     ; --                      ; --                  ; 00:00:20                           ;
+-------------------------+--------------+-------------------------+---------------------+------------------------------------+


+------------------------------------------------------------------------------------------+
; Flow OS Summary                                                                          ;
+-------------------------+------------------+---------------+------------+----------------+
; Module Name             ; Machine Hostname ; OS Name       ; OS Version ; Processor type ;
+-------------------------+------------------+---------------+------------+----------------+
; Analysis & Synthesis    ; WIN-24GC67S0967  ; Windows Vista ; 6.1        ; i686           ;
; Fitter                  ; WIN-24GC67S0967  ; Windows Vista ; 6.1        ; i686           ;
; Assembler               ; WIN-24GC67S0967  ; Windows Vista ; 6.1        ; i686           ;
; Classic Timing Analyzer ; WIN-24GC67S0967  ; Windows Vista ; 6.1        ; i686           ;
+-------------------------+------------------+---------------+------------+----------------+


------------
; Flow Log ;
------------
quartus_map --read_settings_files=on --write_settings_files=off systemB1 -c systemB1
quartus_fit --read_settings_files=off --write_settings_files=off systemB1 -c systemB1
quartus_asm --read_settings_files=off --write_settings_files=off systemB1 -c systemB1
quartus_tan --read_settings_files=off --write_settings_files=off systemB1 -c systemB1 --timing_analysis_only



